<?xml version="1.0" encoding="UTF-8"?>
<!-- Generated by org.testng.reporters.JUnitXMLReporter -->
<testsuite ignored="0" hostname="LAPTOP-DGD6NTJ7" failures="0" tests="7" name="Test" time="0.073" errors="0" timestamp="2023-05-26T19:31:04 IST">
  <testcase classname="com.test.newjob.TestNGsampleTest" name="Parameter2" time="0.009"/>
  <testcase classname="com.test.newjob.TestNGsampleTest" name="DataProvider1Example" time="0.004"/>
  <testcase classname="com.test.newjob.TestNGsampleTest" name="DataProvider1Example" time="0.001"/>
  <testcase classname="com.test.newjob.TestNGsampleTest" name="DataProvider1Example" time="0.001"/>
  <testcase classname="com.test.newjob.TestNGsampleTest" name="Parameter1" time="0.001"/>
  <testcase classname="com.test.newjob.TestNGsampleTest" name="HelperAttributes1" time="0.002"/>
  <testcase classname="com.test.newjob.TestNGsampleTest" name="HelperAttributes2" time="0.001"/>
</testsuite> <!-- Test -->
